Started GET "/" for ::1 at 2024-10-26 19:39:56 -0400
  [1m[35m (2.5ms)[0m  [1m[34mSELECT sqlite_version(*)[0m
  [1m[35m (1.1ms)[0m  [1m[35mCREATE TABLE "schema_migrations" ("version" varchar NOT NULL PRIMARY KEY)[0m
  [1m[35m (1.0ms)[0m  [1m[35mCREATE TABLE "ar_internal_metadata" ("key" varchar NOT NULL PRIMARY KEY, "value" varchar, "created_at" datetime(6) NOT NULL, "updated_at" datetime(6) NOT NULL)[0m
  [1m[36mActiveRecord::SchemaMigration Pluck (0.2ms)[0m  [1m[34mSELECT "schema_migrations"."version" FROM "schema_migrations" ORDER BY "schema_migrations"."version" ASC[0m
  
ActiveRecord::PendingMigrationError (

Migrations are pending. To resolve this issue, run:

        bin/rails db:migrate RAILS_ENV=development

You have 1 pending migration:

20220211162544_create_todos.rb


):
  
activerecord (7.0.2) lib/active_record/migration.rb:627:in `check_pending!'
activerecord (7.0.2) lib/active_record/migration.rb:592:in `block (2 levels) in call'
activesupport (7.0.2) lib/active_support/file_update_checker.rb:83:in `execute'
activerecord (7.0.2) lib/active_record/migration.rb:597:in `block in call'
activerecord (7.0.2) lib/active_record/migration.rb:589:in `synchronize'
activerecord (7.0.2) lib/active_record/migration.rb:589:in `call'
actionpack (7.0.2) lib/action_dispatch/middleware/callbacks.rb:27:in `block in call'
activesupport (7.0.2) lib/active_support/callbacks.rb:99:in `run_callbacks'
actionpack (7.0.2) lib/action_dispatch/middleware/callbacks.rb:26:in `call'
actionpack (7.0.2) lib/action_dispatch/middleware/executor.rb:14:in `call'
actionpack (7.0.2) lib/action_dispatch/middleware/actionable_exceptions.rb:17:in `call'
actionpack (7.0.2) lib/action_dispatch/middleware/debug_exceptions.rb:28:in `call'
web-console (4.2.0) lib/web_console/middleware.rb:132:in `call_app'
web-console (4.2.0) lib/web_console/middleware.rb:28:in `block in call'
web-console (4.2.0) lib/web_console/middleware.rb:17:in `catch'
web-console (4.2.0) lib/web_console/middleware.rb:17:in `call'
actionpack (7.0.2) lib/action_dispatch/middleware/show_exceptions.rb:26:in `call'
railties (7.0.2) lib/rails/rack/logger.rb:36:in `call_app'
railties (7.0.2) lib/rails/rack/logger.rb:25:in `block in call'
activesupport (7.0.2) lib/active_support/tagged_logging.rb:99:in `block in tagged'
activesupport (7.0.2) lib/active_support/tagged_logging.rb:37:in `tagged'
activesupport (7.0.2) lib/active_support/tagged_logging.rb:99:in `tagged'
railties (7.0.2) lib/rails/rack/logger.rb:25:in `call'
sprockets-rails (3.4.2) lib/sprockets/rails/quiet_assets.rb:13:in `call'
actionpack (7.0.2) lib/action_dispatch/middleware/remote_ip.rb:93:in `call'
actionpack (7.0.2) lib/action_dispatch/middleware/request_id.rb:26:in `call'
rack (2.2.3) lib/rack/method_override.rb:24:in `call'
rack (2.2.3) lib/rack/runtime.rb:22:in `call'
activesupport (7.0.2) lib/active_support/cache/strategy/local_cache_middleware.rb:29:in `call'
actionpack (7.0.2) lib/action_dispatch/middleware/server_timing.rb:20:in `call'
actionpack (7.0.2) lib/action_dispatch/middleware/executor.rb:14:in `call'
actionpack (7.0.2) lib/action_dispatch/middleware/static.rb:23:in `call'
rack (2.2.3) lib/rack/sendfile.rb:110:in `call'
actionpack (7.0.2) lib/action_dispatch/middleware/host_authorization.rb:137:in `call'
railties (7.0.2) lib/rails/engine.rb:530:in `call'
puma (5.6.1) lib/puma/configuration.rb:252:in `call'
puma (5.6.1) lib/puma/request.rb:77:in `block in handle_request'
puma (5.6.1) lib/puma/thread_pool.rb:340:in `with_force_shutdown'
puma (5.6.1) lib/puma/request.rb:76:in `handle_request'
puma (5.6.1) lib/puma/server.rb:441:in `process_client'
puma (5.6.1) lib/puma/thread_pool.rb:147:in `block in spawn_thread'
Started GET "/" for ::1 at 2024-10-26 19:39:56 -0400
  [1m[36mActiveRecord::SchemaMigration Pluck (0.1ms)[0m  [1m[34mSELECT "schema_migrations"."version" FROM "schema_migrations" ORDER BY "schema_migrations"."version" ASC[0m
  [1m[36mCACHE ActiveRecord::SchemaMigration Pluck (0.0ms)[0m  [1m[34mSELECT "schema_migrations"."version" FROM "schema_migrations" ORDER BY "schema_migrations"."version" ASC[0m
  
ActiveRecord::PendingMigrationError (

Migrations are pending. To resolve this issue, run:

        bin/rails db:migrate RAILS_ENV=development

You have 1 pending migration:

20220211162544_create_todos.rb


):
  
activerecord (7.0.2) lib/active_record/migration.rb:627:in `check_pending!'
activerecord (7.0.2) lib/active_record/migration.rb:592:in `block (2 levels) in call'
activesupport (7.0.2) lib/active_support/file_update_checker.rb:83:in `execute'
activerecord (7.0.2) lib/active_record/migration.rb:597:in `block in call'
activerecord (7.0.2) lib/active_record/migration.rb:589:in `synchronize'
activerecord (7.0.2) lib/active_record/migration.rb:589:in `call'
actionpack (7.0.2) lib/action_dispatch/middleware/callbacks.rb:27:in `block in call'
activesupport (7.0.2) lib/active_support/callbacks.rb:99:in `run_callbacks'
actionpack (7.0.2) lib/action_dispatch/middleware/callbacks.rb:26:in `call'
actionpack (7.0.2) lib/action_dispatch/middleware/executor.rb:14:in `call'
actionpack (7.0.2) lib/action_dispatch/middleware/actionable_exceptions.rb:17:in `call'
actionpack (7.0.2) lib/action_dispatch/middleware/debug_exceptions.rb:28:in `call'
web-console (4.2.0) lib/web_console/middleware.rb:132:in `call_app'
web-console (4.2.0) lib/web_console/middleware.rb:28:in `block in call'
web-console (4.2.0) lib/web_console/middleware.rb:17:in `catch'
web-console (4.2.0) lib/web_console/middleware.rb:17:in `call'
actionpack (7.0.2) lib/action_dispatch/middleware/show_exceptions.rb:26:in `call'
railties (7.0.2) lib/rails/rack/logger.rb:36:in `call_app'
railties (7.0.2) lib/rails/rack/logger.rb:25:in `block in call'
activesupport (7.0.2) lib/active_support/tagged_logging.rb:99:in `block in tagged'
activesupport (7.0.2) lib/active_support/tagged_logging.rb:37:in `tagged'
activesupport (7.0.2) lib/active_support/tagged_logging.rb:99:in `tagged'
railties (7.0.2) lib/rails/rack/logger.rb:25:in `call'
sprockets-rails (3.4.2) lib/sprockets/rails/quiet_assets.rb:13:in `call'
actionpack (7.0.2) lib/action_dispatch/middleware/remote_ip.rb:93:in `call'
actionpack (7.0.2) lib/action_dispatch/middleware/request_id.rb:26:in `call'
rack (2.2.3) lib/rack/method_override.rb:24:in `call'
rack (2.2.3) lib/rack/runtime.rb:22:in `call'
activesupport (7.0.2) lib/active_support/cache/strategy/local_cache_middleware.rb:29:in `call'
actionpack (7.0.2) lib/action_dispatch/middleware/server_timing.rb:20:in `call'
actionpack (7.0.2) lib/action_dispatch/middleware/executor.rb:14:in `call'
actionpack (7.0.2) lib/action_dispatch/middleware/static.rb:23:in `call'
rack (2.2.3) lib/rack/sendfile.rb:110:in `call'
actionpack (7.0.2) lib/action_dispatch/middleware/host_authorization.rb:137:in `call'
railties (7.0.2) lib/rails/engine.rb:530:in `call'
puma (5.6.1) lib/puma/configuration.rb:252:in `call'
puma (5.6.1) lib/puma/request.rb:77:in `block in handle_request'
puma (5.6.1) lib/puma/thread_pool.rb:340:in `with_force_shutdown'
puma (5.6.1) lib/puma/request.rb:76:in `handle_request'
puma (5.6.1) lib/puma/server.rb:441:in `process_client'
puma (5.6.1) lib/puma/thread_pool.rb:147:in `block in spawn_thread'
  [1m[35m (1.2ms)[0m  [1m[34mSELECT sqlite_version(*)[0m
  [1m[36mActiveRecord::SchemaMigration Pluck (0.2ms)[0m  [1m[34mSELECT "schema_migrations"."version" FROM "schema_migrations" ORDER BY "schema_migrations"."version" ASC[0m
Migrating to CreateTodos (20220211162544)
  [1m[36mTRANSACTION (0.1ms)[0m  [1m[36mbegin transaction[0m
  [1m[35m (0.6ms)[0m  [1m[35mCREATE TABLE "todos" ("id" integer PRIMARY KEY AUTOINCREMENT NOT NULL, "name" varchar, "status" integer DEFAULT 0, "created_at" datetime(6) NOT NULL, "updated_at" datetime(6) NOT NULL)[0m
  [1m[36mActiveRecord::SchemaMigration Create (0.2ms)[0m  [1m[32mINSERT INTO "schema_migrations" ("version") VALUES (?)[0m  [["version", "20220211162544"]]
  [1m[36mTRANSACTION (1.5ms)[0m  [1m[36mcommit transaction[0m
  [1m[36mActiveRecord::InternalMetadata Load (0.2ms)[0m  [1m[34mSELECT "ar_internal_metadata".* FROM "ar_internal_metadata" WHERE "ar_internal_metadata"."key" = ? LIMIT ?[0m  [["key", "environment"], ["LIMIT", 1]]
  [1m[36mTRANSACTION (0.0ms)[0m  [1m[36mbegin transaction[0m
  [1m[36mActiveRecord::InternalMetadata Create (0.4ms)[0m  [1m[32mINSERT INTO "ar_internal_metadata" ("key", "value", "created_at", "updated_at") VALUES (?, ?, ?, ?)[0m  [["key", "environment"], ["value", "development"], ["created_at", "2024-10-26 23:40:08.832065"], ["updated_at", "2024-10-26 23:40:08.832065"]]
  [1m[36mTRANSACTION (0.9ms)[0m  [1m[36mcommit transaction[0m
  [1m[35m (0.1ms)[0m  [1m[34mSELECT sqlite_version(*)[0m
  [1m[36mActiveRecord::SchemaMigration Pluck (0.1ms)[0m  [1m[34mSELECT "schema_migrations"."version" FROM "schema_migrations" ORDER BY "schema_migrations"."version" ASC[0m
Started GET "/" for ::1 at 2024-10-26 19:40:20 -0400
  [1m[35m (0.7ms)[0m  [1m[34mSELECT sqlite_version(*)[0m
  [1m[36mActiveRecord::SchemaMigration Pluck (0.2ms)[0m  [1m[34mSELECT "schema_migrations"."version" FROM "schema_migrations" ORDER BY "schema_migrations"."version" ASC[0m
Processing by Rails::WelcomeController#index as HTML
  Rendering /Users/Aboubacar/.rbenv/versions/3.1.2/lib/ruby/gems/3.1.0/gems/railties-7.0.2/lib/rails/templates/rails/welcome/index.html.erb
  Rendered /Users/Aboubacar/.rbenv/versions/3.1.2/lib/ruby/gems/3.1.0/gems/railties-7.0.2/lib/rails/templates/rails/welcome/index.html.erb (Duration: 2.3ms | Allocations: 806)
Completed 200 OK in 22ms (Views: 7.1ms | ActiveRecord: 0.0ms | Allocations: 7076)


Started GET "/todos" for ::1 at 2024-10-26 19:40:27 -0400
Processing by TodosController#index as HTML
  Rendering layout layouts/application.html.erb
  Rendering todos/index.html.erb within layouts/application
  Rendered todos/_form.html.erb (Duration: 29.5ms | Allocations: 9800)
  [1m[36mTodo Load (0.5ms)[0m  [1m[34mSELECT "todos".* FROM "todos" WHERE "todos"."status" = ?[0m  [["status", 0]]
  ↳ app/views/todos/index.html.erb:27
  Rendered collection of templates [0 times] (Duration: 0.0ms | Allocations: 30)
  Rendered todos/index.html.erb within layouts/application (Duration: 43.8ms | Allocations: 18206)
  Rendered layout layouts/application.html.erb (Duration: 1812.0ms | Allocations: 457843)
Completed 500 Internal Server Error in 1824ms (ActiveRecord: 1.3ms | Allocations: 462094)


  
ActionView::Template::Error (Asset `tailwind.css` was not declared to be precompiled in production.
Declare links to your assets in `app/assets/config/manifest.js`.

  //= link tailwind.css

and restart your server):
     5:     <meta name="viewport" content="width=device-width,initial-scale=1">
     6:     <%= csrf_meta_tags %>
     7:     <%= csp_meta_tag %>
     8:     <%= stylesheet_link_tag "tailwind", "inter-font", "data-turbo-track": "reload" %>
     9: 
    10:     <%= stylesheet_link_tag "application", "data-turbo-track": "reload" %>
    11:     <%= javascript_importmap_tags %>
  
app/views/layouts/application.html.erb:8
Started GET "/" for ::1 at 2024-10-26 19:46:20 -0400
  [1m[36mActiveRecord::SchemaMigration Pluck (2.7ms)[0m  [1m[34mSELECT "schema_migrations"."version" FROM "schema_migrations" ORDER BY "schema_migrations"."version" ASC[0m
Processing by Rails::WelcomeController#index as HTML
  Rendering /Users/Aboubacar/.rbenv/versions/3.1.2/lib/ruby/gems/3.1.0/gems/railties-7.0.8.6/lib/rails/templates/rails/welcome/index.html.erb
  Rendered /Users/Aboubacar/.rbenv/versions/3.1.2/lib/ruby/gems/3.1.0/gems/railties-7.0.8.6/lib/rails/templates/rails/welcome/index.html.erb (Duration: 6.7ms | Allocations: 636)
Completed 200 OK in 89ms (Views: 21.6ms | ActiveRecord: 0.0ms | Allocations: 7138)


Started GET "/todos" for ::1 at 2024-10-26 19:46:30 -0400
Processing by TodosController#index as HTML
  Rendering layout layouts/application.html.erb
  Rendering todos/index.html.erb within layouts/application
  Rendered todos/_form.html.erb (Duration: 106.1ms | Allocations: 7200)
  [1m[36mTodo Load (68.6ms)[0m  [1m[34mSELECT "todos".* FROM "todos" WHERE "todos"."status" = ?[0m  [["status", 0]]
  ↳ app/views/todos/index.html.erb:27
  Rendered collection of templates [0 times] (Duration: 0.1ms | Allocations: 31)
  Rendered todos/index.html.erb within layouts/application (Duration: 221.1ms | Allocations: 13315)
  Rendered layout layouts/application.html.erb (Duration: 362.1ms | Allocations: 16802)
Completed 500 Internal Server Error in 437ms (ActiveRecord: 69.4ms | Allocations: 20847)


  
ActionView::Template::Error (The asset "tailwind.css" is not present in the asset pipeline.
):
     5:     <meta name="viewport" content="width=device-width,initial-scale=1">
     6:     <%= csrf_meta_tags %>
     7:     <%= csp_meta_tag %>
     8:     <%= stylesheet_link_tag "tailwind", "inter-font", "data-turbo-track": "reload" %>
     9: 
    10:     <%= stylesheet_link_tag "application", "data-turbo-track": "reload" %>
    11:     <%= javascript_importmap_tags %>
  
app/views/layouts/application.html.erb:8
Started GET "/" for ::1 at 2024-10-26 19:48:30 -0400
  [1m[36mActiveRecord::SchemaMigration Pluck (3.2ms)[0m  [1m[34mSELECT "schema_migrations"."version" FROM "schema_migrations" ORDER BY "schema_migrations"."version" ASC[0m
Processing by Rails::WelcomeController#index as HTML
  Rendering /Users/Aboubacar/.rbenv/versions/3.1.2/lib/ruby/gems/3.1.0/gems/railties-7.0.8.6/lib/rails/templates/rails/welcome/index.html.erb
  Rendered /Users/Aboubacar/.rbenv/versions/3.1.2/lib/ruby/gems/3.1.0/gems/railties-7.0.8.6/lib/rails/templates/rails/welcome/index.html.erb (Duration: 7.7ms | Allocations: 528)
Completed 200 OK in 52ms (Views: 17.0ms | ActiveRecord: 0.0ms | Allocations: 4515)


Started GET "/todos" for ::1 at 2024-10-26 19:48:37 -0400
Processing by TodosController#index as HTML
  Rendering layout layouts/application.html.erb
  Rendering todos/index.html.erb within layouts/application
  Rendered todos/_form.html.erb (Duration: 21.8ms | Allocations: 6858)
  [1m[36mTodo Load (6.6ms)[0m  [1m[34mSELECT "todos".* FROM "todos" WHERE "todos"."status" = ?[0m  [["status", 0]]
  ↳ app/views/todos/index.html.erb:27
  Rendered collection of templates [0 times] (Duration: 0.1ms | Allocations: 31)
  Rendered todos/index.html.erb within layouts/application (Duration: 46.8ms | Allocations: 12823)
  Rendered layout layouts/application.html.erb (Duration: 52.6ms | Allocations: 15695)
Completed 200 OK in 70ms (Views: 48.9ms | ActiveRecord: 7.4ms | Allocations: 19414)


Started POST "/todos" for ::1 at 2024-10-26 19:48:46 -0400
Processing by TodosController#create as TURBO_STREAM
  Parameters: {"authenticity_token"=>"[FILTERED]", "todo"=>{"name"=>"nice 1"}, "commit"=>"Create Todo"}
  [1m[36mTRANSACTION (0.1ms)[0m  [1m[36mbegin transaction[0m
  ↳ app/controllers/todos_controller.rb:27:in `block in create'
  [1m[36mTodo Create (1.2ms)[0m  [1m[32mINSERT INTO "todos" ("name", "status", "created_at", "updated_at") VALUES (?, ?, ?, ?)[0m  [["name", "nice 1"], ["status", 0], ["created_at", "2024-10-26 23:48:46.802422"], ["updated_at", "2024-10-26 23:48:46.802422"]]
  ↳ app/controllers/todos_controller.rb:27:in `block in create'
  [1m[36mTRANSACTION (1.2ms)[0m  [1m[36mcommit transaction[0m
  ↳ app/controllers/todos_controller.rb:27:in `block in create'
  Rendering todos/create.turbo_stream.erb
  Rendered todos/_todo.html.erb (Duration: 2.7ms | Allocations: 1166)
  Rendered todos/_form.html.erb (Duration: 0.9ms | Allocations: 679)
  Rendered todos/create.turbo_stream.erb (Duration: 9.3ms | Allocations: 3112)
Completed 200 OK in 64ms (Views: 13.5ms | ActiveRecord: 2.4ms | Allocations: 8641)


Started DELETE "/todos/1" for ::1 at 2024-10-26 19:48:48 -0400
Processing by TodosController#destroy as TURBO_STREAM
  Parameters: {"authenticity_token"=>"[FILTERED]", "id"=>"1"}
  [1m[36mTodo Load (0.2ms)[0m  [1m[34mSELECT "todos".* FROM "todos" WHERE "todos"."id" = ? LIMIT ?[0m  [["id", 1], ["LIMIT", 1]]
  ↳ app/controllers/todos_controller.rb:73:in `set_todo'
  [1m[36mTRANSACTION (0.0ms)[0m  [1m[36mbegin transaction[0m
  ↳ app/controllers/todos_controller.rb:61:in `destroy'
  [1m[36mTodo Destroy (0.4ms)[0m  [1m[31mDELETE FROM "todos" WHERE "todos"."id" = ?[0m  [["id", 1]]
  ↳ app/controllers/todos_controller.rb:61:in `destroy'
  [1m[36mTRANSACTION (0.8ms)[0m  [1m[36mcommit transaction[0m
  ↳ app/controllers/todos_controller.rb:61:in `destroy'
Completed 200 OK in 8ms (Views: 0.1ms | ActiveRecord: 1.5ms | Allocations: 4024)


Started POST "/todos" for ::1 at 2024-10-26 19:48:58 -0400
Processing by TodosController#create as TURBO_STREAM
  Parameters: {"authenticity_token"=>"[FILTERED]", "todo"=>{"name"=>"nice try 1"}, "commit"=>"Create Todo"}
  [1m[36mTRANSACTION (0.1ms)[0m  [1m[36mbegin transaction[0m
  ↳ app/controllers/todos_controller.rb:27:in `block in create'
  [1m[36mTodo Create (0.4ms)[0m  [1m[32mINSERT INTO "todos" ("name", "status", "created_at", "updated_at") VALUES (?, ?, ?, ?)[0m  [["name", "nice try 1"], ["status", 0], ["created_at", "2024-10-26 23:48:58.445125"], ["updated_at", "2024-10-26 23:48:58.445125"]]
  ↳ app/controllers/todos_controller.rb:27:in `block in create'
  [1m[36mTRANSACTION (0.8ms)[0m  [1m[36mcommit transaction[0m
  ↳ app/controllers/todos_controller.rb:27:in `block in create'
  Rendering todos/create.turbo_stream.erb
  Rendered todos/_todo.html.erb (Duration: 0.9ms | Allocations: 623)
  Rendered todos/_form.html.erb (Duration: 0.8ms | Allocations: 614)
  Rendered todos/create.turbo_stream.erb (Duration: 2.2ms | Allocations: 1549)
Completed 200 OK in 8ms (Views: 2.9ms | ActiveRecord: 1.2ms | Allocations: 4624)


Started POST "/todos" for ::1 at 2024-10-26 19:49:05 -0400
Processing by TodosController#create as TURBO_STREAM
  Parameters: {"authenticity_token"=>"[FILTERED]", "todo"=>{"name"=>"nice try 2"}, "commit"=>"Create Todo"}
  [1m[36mTRANSACTION (0.1ms)[0m  [1m[36mbegin transaction[0m
  ↳ app/controllers/todos_controller.rb:27:in `block in create'
  [1m[36mTodo Create (0.4ms)[0m  [1m[32mINSERT INTO "todos" ("name", "status", "created_at", "updated_at") VALUES (?, ?, ?, ?)[0m  [["name", "nice try 2"], ["status", 0], ["created_at", "2024-10-26 23:49:05.044301"], ["updated_at", "2024-10-26 23:49:05.044301"]]
  ↳ app/controllers/todos_controller.rb:27:in `block in create'
  [1m[36mTRANSACTION (0.8ms)[0m  [1m[36mcommit transaction[0m
  ↳ app/controllers/todos_controller.rb:27:in `block in create'
  Rendering todos/create.turbo_stream.erb
  Rendered todos/_todo.html.erb (Duration: 1.1ms | Allocations: 623)
  Rendered todos/_form.html.erb (Duration: 0.8ms | Allocations: 614)
  Rendered todos/create.turbo_stream.erb (Duration: 2.4ms | Allocations: 1549)
Completed 200 OK in 8ms (Views: 3.0ms | ActiveRecord: 1.3ms | Allocations: 4538)


Started PATCH "/todos/3/change_status?todo%5Bstatus%5D=complete" for ::1 at 2024-10-26 19:49:06 -0400
Processing by TodosController#change_status as TURBO_STREAM
  Parameters: {"authenticity_token"=>"[FILTERED]", "todo"=>{"status"=>"complete"}, "id"=>"3"}
  [1m[36mTodo Load (0.1ms)[0m  [1m[34mSELECT "todos".* FROM "todos" WHERE "todos"."id" = ? LIMIT ?[0m  [["id", 3], ["LIMIT", 1]]
  ↳ app/controllers/todos_controller.rb:73:in `set_todo'
  [1m[36mTRANSACTION (0.0ms)[0m  [1m[36mbegin transaction[0m
  ↳ app/controllers/todos_controller.rb:52:in `change_status'
  [1m[36mTodo Update (0.8ms)[0m  [1m[33mUPDATE "todos" SET "status" = ?, "updated_at" = ? WHERE "todos"."id" = ?[0m  [["status", 1], ["updated_at", "2024-10-26 23:49:06.975264"], ["id", 3]]
  ↳ app/controllers/todos_controller.rb:52:in `change_status'
  [1m[36mTRANSACTION (0.9ms)[0m  [1m[36mcommit transaction[0m
  ↳ app/controllers/todos_controller.rb:52:in `change_status'
Completed 200 OK in 8ms (Views: 0.1ms | ActiveRecord: 1.8ms | Allocations: 3127)


Started PATCH "/todos/2/change_status?todo%5Bstatus%5D=complete" for ::1 at 2024-10-26 19:49:08 -0400
Processing by TodosController#change_status as TURBO_STREAM
  Parameters: {"authenticity_token"=>"[FILTERED]", "todo"=>{"status"=>"complete"}, "id"=>"2"}
  [1m[36mTodo Load (0.1ms)[0m  [1m[34mSELECT "todos".* FROM "todos" WHERE "todos"."id" = ? LIMIT ?[0m  [["id", 2], ["LIMIT", 1]]
  ↳ app/controllers/todos_controller.rb:73:in `set_todo'
  [1m[36mTRANSACTION (0.0ms)[0m  [1m[36mbegin transaction[0m
  ↳ app/controllers/todos_controller.rb:52:in `change_status'
  [1m[36mTodo Update (0.3ms)[0m  [1m[33mUPDATE "todos" SET "status" = ?, "updated_at" = ? WHERE "todos"."id" = ?[0m  [["status", 1], ["updated_at", "2024-10-26 23:49:08.237878"], ["id", 2]]
  ↳ app/controllers/todos_controller.rb:52:in `change_status'
  [1m[36mTRANSACTION (0.9ms)[0m  [1m[36mcommit transaction[0m
  ↳ app/controllers/todos_controller.rb:52:in `change_status'
Completed 200 OK in 7ms (Views: 0.1ms | ActiveRecord: 1.4ms | Allocations: 2960)


Started GET "/todos?status=complete" for ::1 at 2024-10-26 19:49:08 -0400
Processing by TodosController#index as HTML
  Parameters: {"status"=>"complete"}
  Rendering layout /Users/Aboubacar/.rbenv/versions/3.1.2/lib/ruby/gems/3.1.0/gems/turbo-rails-2.0.11/app/views/layouts/turbo_rails/frame.html.erb
  Rendering todos/index.html.erb within layouts/turbo_rails/frame
  [1m[36mTodo Load (0.2ms)[0m  [1m[34mSELECT "todos".* FROM "todos" WHERE "todos"."status" = ?[0m  [["status", 1]]
  ↳ app/views/todos/index.html.erb:27
  Rendered collection of todos/_todo.html.erb [2 times] (Duration: 3.8ms | Allocations: 1978)
  Rendered todos/index.html.erb within layouts/turbo_rails/frame (Duration: 6.4ms | Allocations: 2945)
  Rendered layout /Users/Aboubacar/.rbenv/versions/3.1.2/lib/ruby/gems/3.1.0/gems/turbo-rails-2.0.11/app/views/layouts/turbo_rails/frame.html.erb (Duration: 7.6ms | Allocations: 3170)
Completed 200 OK in 9ms (Views: 8.1ms | ActiveRecord: 0.2ms | Allocations: 3466)


Started GET "/todos?status=complete" for ::1 at 2024-10-26 19:49:09 -0400
Processing by TodosController#index as HTML
  Parameters: {"status"=>"complete"}
  Rendering layout /Users/Aboubacar/.rbenv/versions/3.1.2/lib/ruby/gems/3.1.0/gems/turbo-rails-2.0.11/app/views/layouts/turbo_rails/frame.html.erb
  Rendering todos/index.html.erb within layouts/turbo_rails/frame
  [1m[36mTodo Load (0.1ms)[0m  [1m[34mSELECT "todos".* FROM "todos" WHERE "todos"."status" = ?[0m  [["status", 1]]
  ↳ app/views/todos/index.html.erb:27
  Rendered collection of todos/_todo.html.erb [2 times] (Duration: 2.1ms | Allocations: 1617)
  Rendered todos/index.html.erb within layouts/turbo_rails/frame (Duration: 3.8ms | Allocations: 2505)
  Rendered layout /Users/Aboubacar/.rbenv/versions/3.1.2/lib/ruby/gems/3.1.0/gems/turbo-rails-2.0.11/app/views/layouts/turbo_rails/frame.html.erb (Duration: 4.0ms | Allocations: 2596)
Completed 200 OK in 5ms (Views: 4.3ms | ActiveRecord: 0.1ms | Allocations: 2888)


Started GET "/todos?status=incomplete" for ::1 at 2024-10-26 19:49:09 -0400
Processing by TodosController#index as HTML
  Parameters: {"status"=>"incomplete"}
  Rendering layout /Users/Aboubacar/.rbenv/versions/3.1.2/lib/ruby/gems/3.1.0/gems/turbo-rails-2.0.11/app/views/layouts/turbo_rails/frame.html.erb
  Rendering todos/index.html.erb within layouts/turbo_rails/frame
  Rendered todos/_form.html.erb (Duration: 1.5ms | Allocations: 978)
  [1m[36mTodo Load (0.1ms)[0m  [1m[34mSELECT "todos".* FROM "todos" WHERE "todos"."status" = ?[0m  [["status", 0]]
  ↳ app/views/todos/index.html.erb:27
  Rendered collection of templates [0 times] (Duration: 0.0ms | Allocations: 15)
  Rendered todos/index.html.erb within layouts/turbo_rails/frame (Duration: 3.3ms | Allocations: 1889)
  Rendered layout /Users/Aboubacar/.rbenv/versions/3.1.2/lib/ruby/gems/3.1.0/gems/turbo-rails-2.0.11/app/views/layouts/turbo_rails/frame.html.erb (Duration: 3.5ms | Allocations: 1980)
Completed 200 OK in 5ms (Views: 3.7ms | ActiveRecord: 0.1ms | Allocations: 2272)


Started GET "/todos?status=complete" for ::1 at 2024-10-26 19:49:10 -0400
Processing by TodosController#index as HTML
  Parameters: {"status"=>"complete"}
  Rendering layout /Users/Aboubacar/.rbenv/versions/3.1.2/lib/ruby/gems/3.1.0/gems/turbo-rails-2.0.11/app/views/layouts/turbo_rails/frame.html.erb
  Rendering todos/index.html.erb within layouts/turbo_rails/frame
  [1m[36mTodo Load (0.1ms)[0m  [1m[34mSELECT "todos".* FROM "todos" WHERE "todos"."status" = ?[0m  [["status", 1]]
  ↳ app/views/todos/index.html.erb:27
  Rendered collection of todos/_todo.html.erb [2 times] (Duration: 1.9ms | Allocations: 1620)
  Rendered todos/index.html.erb within layouts/turbo_rails/frame (Duration: 3.6ms | Allocations: 2507)
  Rendered layout /Users/Aboubacar/.rbenv/versions/3.1.2/lib/ruby/gems/3.1.0/gems/turbo-rails-2.0.11/app/views/layouts/turbo_rails/frame.html.erb (Duration: 3.8ms | Allocations: 2598)
Completed 200 OK in 5ms (Views: 4.1ms | ActiveRecord: 0.1ms | Allocations: 2890)


Started GET "/todos?status=complete" for ::1 at 2024-10-26 19:49:11 -0400
Processing by TodosController#index as HTML
  Parameters: {"status"=>"complete"}
  Rendering layout /Users/Aboubacar/.rbenv/versions/3.1.2/lib/ruby/gems/3.1.0/gems/turbo-rails-2.0.11/app/views/layouts/turbo_rails/frame.html.erb
  Rendering todos/index.html.erb within layouts/turbo_rails/frame
  [1m[36mTodo Load (0.1ms)[0m  [1m[34mSELECT "todos".* FROM "todos" WHERE "todos"."status" = ?[0m  [["status", 1]]
  ↳ app/views/todos/index.html.erb:27
  Rendered collection of todos/_todo.html.erb [2 times] (Duration: 2.0ms | Allocations: 1599)
  Rendered todos/index.html.erb within layouts/turbo_rails/frame (Duration: 3.9ms | Allocations: 2486)
  Rendered layout /Users/Aboubacar/.rbenv/versions/3.1.2/lib/ruby/gems/3.1.0/gems/turbo-rails-2.0.11/app/views/layouts/turbo_rails/frame.html.erb (Duration: 4.1ms | Allocations: 2577)
Completed 200 OK in 5ms (Views: 4.4ms | ActiveRecord: 0.1ms | Allocations: 2869)


Started GET "/todos?status=incomplete" for ::1 at 2024-10-26 19:49:55 -0400
Processing by TodosController#index as HTML
  Parameters: {"status"=>"incomplete"}
  Rendering layout /Users/Aboubacar/.rbenv/versions/3.1.2/lib/ruby/gems/3.1.0/gems/turbo-rails-2.0.11/app/views/layouts/turbo_rails/frame.html.erb
  Rendering todos/index.html.erb within layouts/turbo_rails/frame
  Rendered todos/_form.html.erb (Duration: 1.4ms | Allocations: 961)
  [1m[36mTodo Load (0.1ms)[0m  [1m[34mSELECT "todos".* FROM "todos" WHERE "todos"."status" = ?[0m  [["status", 0]]
  ↳ app/views/todos/index.html.erb:27
  Rendered collection of templates [0 times] (Duration: 0.0ms | Allocations: 13)
  Rendered todos/index.html.erb within layouts/turbo_rails/frame (Duration: 3.5ms | Allocations: 1867)
  Rendered layout /Users/Aboubacar/.rbenv/versions/3.1.2/lib/ruby/gems/3.1.0/gems/turbo-rails-2.0.11/app/views/layouts/turbo_rails/frame.html.erb (Duration: 3.7ms | Allocations: 1958)
Completed 200 OK in 5ms (Views: 4.0ms | ActiveRecord: 0.1ms | Allocations: 2250)


Started GET "/todos?status=incomplete" for ::1 at 2024-10-26 19:49:56 -0400
Processing by TodosController#index as HTML
  Parameters: {"status"=>"incomplete"}
  Rendering layout /Users/Aboubacar/.rbenv/versions/3.1.2/lib/ruby/gems/3.1.0/gems/turbo-rails-2.0.11/app/views/layouts/turbo_rails/frame.html.erb
  Rendering todos/index.html.erb within layouts/turbo_rails/frame
  Rendered todos/_form.html.erb (Duration: 1.3ms | Allocations: 990)
  [1m[36mTodo Load (0.1ms)[0m  [1m[34mSELECT "todos".* FROM "todos" WHERE "todos"."status" = ?[0m  [["status", 0]]
  ↳ app/views/todos/index.html.erb:27
  Rendered collection of templates [0 times] (Duration: 0.0ms | Allocations: 13)
  Rendered todos/index.html.erb within layouts/turbo_rails/frame (Duration: 3.1ms | Allocations: 1896)
  Rendered layout /Users/Aboubacar/.rbenv/versions/3.1.2/lib/ruby/gems/3.1.0/gems/turbo-rails-2.0.11/app/views/layouts/turbo_rails/frame.html.erb (Duration: 3.3ms | Allocations: 1987)
Completed 200 OK in 4ms (Views: 3.5ms | ActiveRecord: 0.1ms | Allocations: 2279)


Started GET "/todos?status=complete" for ::1 at 2024-10-26 19:49:56 -0400
Processing by TodosController#index as HTML
  Parameters: {"status"=>"complete"}
  Rendering layout /Users/Aboubacar/.rbenv/versions/3.1.2/lib/ruby/gems/3.1.0/gems/turbo-rails-2.0.11/app/views/layouts/turbo_rails/frame.html.erb
  Rendering todos/index.html.erb within layouts/turbo_rails/frame
  [1m[36mTodo Load (0.1ms)[0m  [1m[34mSELECT "todos".* FROM "todos" WHERE "todos"."status" = ?[0m  [["status", 1]]
  ↳ app/views/todos/index.html.erb:27
  Rendered collection of todos/_todo.html.erb [2 times] (Duration: 2.1ms | Allocations: 1605)
  Rendered todos/index.html.erb within layouts/turbo_rails/frame (Duration: 3.9ms | Allocations: 2492)
  Rendered layout /Users/Aboubacar/.rbenv/versions/3.1.2/lib/ruby/gems/3.1.0/gems/turbo-rails-2.0.11/app/views/layouts/turbo_rails/frame.html.erb (Duration: 4.2ms | Allocations: 2583)
Completed 200 OK in 5ms (Views: 4.5ms | ActiveRecord: 0.1ms | Allocations: 2875)


Started GET "/" for ::1 at 2024-10-26 19:53:55 -0400
  [1m[36mActiveRecord::SchemaMigration Pluck (0.6ms)[0m  [1m[34mSELECT "schema_migrations"."version" FROM "schema_migrations" ORDER BY "schema_migrations"."version" ASC[0m
Processing by Rails::WelcomeController#index as HTML
  Rendering /Users/Aboubacar/.rbenv/versions/3.1.2/lib/ruby/gems/3.1.0/gems/railties-7.0.8.6/lib/rails/templates/rails/welcome/index.html.erb
  Rendered /Users/Aboubacar/.rbenv/versions/3.1.2/lib/ruby/gems/3.1.0/gems/railties-7.0.8.6/lib/rails/templates/rails/welcome/index.html.erb (Duration: 2.1ms | Allocations: 528)
Completed 200 OK in 23ms (Views: 6.6ms | ActiveRecord: 0.0ms | Allocations: 4594)


Started GET "/todos" for ::1 at 2024-10-26 19:53:59 -0400
Processing by TodosController#index as HTML
  Rendering layout layouts/application.html.erb
  Rendering todos/index.html.erb within layouts/application
  Rendered todos/_form.html.erb (Duration: 12.1ms | Allocations: 2600)
  [1m[36mTodo Load (0.6ms)[0m  [1m[34mSELECT "todos".* FROM "todos" WHERE "todos"."status" = ?[0m  [["status", 0]]
  ↳ app/views/todos/index.html.erb:27
  Rendered collection of templates [0 times] (Duration: 0.1ms | Allocations: 31)
  Rendered todos/index.html.erb within layouts/application (Duration: 26.9ms | Allocations: 8710)
  Rendered layout layouts/application.html.erb (Duration: 32.7ms | Allocations: 11678)
Completed 200 OK in 48ms (Views: 34.3ms | ActiveRecord: 1.4ms | Allocations: 15446)


Started GET "/todos?status=incomplete" for ::1 at 2024-10-26 19:54:08 -0400
Processing by TodosController#index as HTML
  Parameters: {"status"=>"incomplete"}
  Rendering layout /Users/Aboubacar/.rbenv/versions/3.1.2/lib/ruby/gems/3.1.0/gems/turbo-rails-2.0.11/app/views/layouts/turbo_rails/frame.html.erb
  Rendering todos/index.html.erb within layouts/turbo_rails/frame
  Rendered todos/_form.html.erb (Duration: 6.5ms | Allocations: 1005)
  [1m[36mTodo Load (0.2ms)[0m  [1m[34mSELECT "todos".* FROM "todos" WHERE "todos"."status" = ?[0m  [["status", 0]]
  ↳ app/views/todos/index.html.erb:27
  Rendered collection of templates [0 times] (Duration: 0.0ms | Allocations: 13)
  Rendered todos/index.html.erb within layouts/turbo_rails/frame (Duration: 21.9ms | Allocations: 1941)
  Rendered layout /Users/Aboubacar/.rbenv/versions/3.1.2/lib/ruby/gems/3.1.0/gems/turbo-rails-2.0.11/app/views/layouts/turbo_rails/frame.html.erb (Duration: 23.2ms | Allocations: 2168)
Completed 200 OK in 30ms (Views: 24.5ms | ActiveRecord: 0.2ms | Allocations: 2760)


Started GET "/todos?status=incomplete" for ::1 at 2024-10-26 19:54:08 -0400
Processing by TodosController#index as HTML
  Parameters: {"status"=>"incomplete"}
  Rendering layout /Users/Aboubacar/.rbenv/versions/3.1.2/lib/ruby/gems/3.1.0/gems/turbo-rails-2.0.11/app/views/layouts/turbo_rails/frame.html.erb
  Rendering todos/index.html.erb within layouts/turbo_rails/frame
  Rendered todos/_form.html.erb (Duration: 1.3ms | Allocations: 976)
  [1m[36mTodo Load (0.2ms)[0m  [1m[34mSELECT "todos".* FROM "todos" WHERE "todos"."status" = ?[0m  [["status", 0]]
  ↳ app/views/todos/index.html.erb:27
  Rendered collection of templates [0 times] (Duration: 0.0ms | Allocations: 13)
  Rendered todos/index.html.erb within layouts/turbo_rails/frame (Duration: 18.9ms | Allocations: 1889)
  Rendered layout /Users/Aboubacar/.rbenv/versions/3.1.2/lib/ruby/gems/3.1.0/gems/turbo-rails-2.0.11/app/views/layouts/turbo_rails/frame.html.erb (Duration: 19.1ms | Allocations: 1981)
Completed 200 OK in 26ms (Views: 24.8ms | ActiveRecord: 0.2ms | Allocations: 2281)


Started GET "/todos?status=complete" for ::1 at 2024-10-26 19:54:09 -0400
Processing by TodosController#index as HTML
  Parameters: {"status"=>"complete"}
  Rendering layout /Users/Aboubacar/.rbenv/versions/3.1.2/lib/ruby/gems/3.1.0/gems/turbo-rails-2.0.11/app/views/layouts/turbo_rails/frame.html.erb
  Rendering todos/index.html.erb within layouts/turbo_rails/frame
  [1m[36mTodo Load (0.1ms)[0m  [1m[34mSELECT "todos".* FROM "todos" WHERE "todos"."status" = ?[0m  [["status", 1]]
  ↳ app/views/todos/index.html.erb:27
  Rendered collection of todos/_todo.html.erb [2 times] (Duration: 3.6ms | Allocations: 2092)
  Rendered todos/index.html.erb within layouts/turbo_rails/frame (Duration: 6.3ms | Allocations: 3152)
  Rendered layout /Users/Aboubacar/.rbenv/versions/3.1.2/lib/ruby/gems/3.1.0/gems/turbo-rails-2.0.11/app/views/layouts/turbo_rails/frame.html.erb (Duration: 6.5ms | Allocations: 3243)
Completed 200 OK in 8ms (Views: 6.7ms | ActiveRecord: 0.1ms | Allocations: 3535)


Started GET "/todos?status=incomplete" for ::1 at 2024-10-26 19:54:10 -0400
Processing by TodosController#index as HTML
  Parameters: {"status"=>"incomplete"}
  Rendering layout /Users/Aboubacar/.rbenv/versions/3.1.2/lib/ruby/gems/3.1.0/gems/turbo-rails-2.0.11/app/views/layouts/turbo_rails/frame.html.erb
  Rendering todos/index.html.erb within layouts/turbo_rails/frame
  Rendered todos/_form.html.erb (Duration: 1.2ms | Allocations: 982)
  [1m[36mTodo Load (0.1ms)[0m  [1m[34mSELECT "todos".* FROM "todos" WHERE "todos"."status" = ?[0m  [["status", 0]]
  ↳ app/views/todos/index.html.erb:27
  Rendered collection of templates [0 times] (Duration: 0.0ms | Allocations: 13)
  Rendered todos/index.html.erb within layouts/turbo_rails/frame (Duration: 3.4ms | Allocations: 1895)
  Rendered layout /Users/Aboubacar/.rbenv/versions/3.1.2/lib/ruby/gems/3.1.0/gems/turbo-rails-2.0.11/app/views/layouts/turbo_rails/frame.html.erb (Duration: 3.6ms | Allocations: 1987)
Completed 200 OK in 5ms (Views: 4.0ms | ActiveRecord: 0.1ms | Allocations: 2286)


Started GET "/todos?status=incomplete" for ::1 at 2024-10-26 19:54:10 -0400
Processing by TodosController#index as HTML
  Parameters: {"status"=>"incomplete"}
  Rendering layout /Users/Aboubacar/.rbenv/versions/3.1.2/lib/ruby/gems/3.1.0/gems/turbo-rails-2.0.11/app/views/layouts/turbo_rails/frame.html.erb
  Rendering todos/index.html.erb within layouts/turbo_rails/frame
  Rendered todos/_form.html.erb (Duration: 1.2ms | Allocations: 978)
  [1m[36mTodo Load (0.1ms)[0m  [1m[34mSELECT "todos".* FROM "todos" WHERE "todos"."status" = ?[0m  [["status", 0]]
  ↳ app/views/todos/index.html.erb:27
  Rendered collection of templates [0 times] (Duration: 0.0ms | Allocations: 13)
  Rendered todos/index.html.erb within layouts/turbo_rails/frame (Duration: 3.3ms | Allocations: 1884)
  Rendered layout /Users/Aboubacar/.rbenv/versions/3.1.2/lib/ruby/gems/3.1.0/gems/turbo-rails-2.0.11/app/views/layouts/turbo_rails/frame.html.erb (Duration: 3.6ms | Allocations: 1975)
Completed 200 OK in 5ms (Views: 3.8ms | ActiveRecord: 0.1ms | Allocations: 2267)


Started GET "/todos?status=complete" for ::1 at 2024-10-26 19:54:11 -0400
Processing by TodosController#index as HTML
  Parameters: {"status"=>"complete"}
  Rendering layout /Users/Aboubacar/.rbenv/versions/3.1.2/lib/ruby/gems/3.1.0/gems/turbo-rails-2.0.11/app/views/layouts/turbo_rails/frame.html.erb
  Rendering todos/index.html.erb within layouts/turbo_rails/frame
  [1m[36mTodo Load (0.1ms)[0m  [1m[34mSELECT "todos".* FROM "todos" WHERE "todos"."status" = ?[0m  [["status", 1]]
  ↳ app/views/todos/index.html.erb:27
  Rendered collection of todos/_todo.html.erb [2 times] (Duration: 2.0ms | Allocations: 1620)
  Rendered todos/index.html.erb within layouts/turbo_rails/frame (Duration: 4.0ms | Allocations: 2507)
  Rendered layout /Users/Aboubacar/.rbenv/versions/3.1.2/lib/ruby/gems/3.1.0/gems/turbo-rails-2.0.11/app/views/layouts/turbo_rails/frame.html.erb (Duration: 4.2ms | Allocations: 2598)
Completed 200 OK in 6ms (Views: 4.5ms | ActiveRecord: 0.1ms | Allocations: 2890)


Started GET "/todos?status=complete" for ::1 at 2024-10-26 19:54:11 -0400
Processing by TodosController#index as HTML
  Parameters: {"status"=>"complete"}
  Rendering layout /Users/Aboubacar/.rbenv/versions/3.1.2/lib/ruby/gems/3.1.0/gems/turbo-rails-2.0.11/app/views/layouts/turbo_rails/frame.html.erb
  Rendering todos/index.html.erb within layouts/turbo_rails/frame
  [1m[36mTodo Load (0.1ms)[0m  [1m[34mSELECT "todos".* FROM "todos" WHERE "todos"."status" = ?[0m  [["status", 1]]
  ↳ app/views/todos/index.html.erb:27
  Rendered collection of todos/_todo.html.erb [2 times] (Duration: 2.1ms | Allocations: 1602)
  Rendered todos/index.html.erb within layouts/turbo_rails/frame (Duration: 3.8ms | Allocations: 2489)
  Rendered layout /Users/Aboubacar/.rbenv/versions/3.1.2/lib/ruby/gems/3.1.0/gems/turbo-rails-2.0.11/app/views/layouts/turbo_rails/frame.html.erb (Duration: 4.0ms | Allocations: 2580)
Completed 200 OK in 5ms (Views: 4.3ms | ActiveRecord: 0.1ms | Allocations: 2872)


Started GET "/todos?status=incomplete" for ::1 at 2024-10-26 19:54:12 -0400
Processing by TodosController#index as HTML
  Parameters: {"status"=>"incomplete"}
  Rendering layout /Users/Aboubacar/.rbenv/versions/3.1.2/lib/ruby/gems/3.1.0/gems/turbo-rails-2.0.11/app/views/layouts/turbo_rails/frame.html.erb
  Rendering todos/index.html.erb within layouts/turbo_rails/frame
  Rendered todos/_form.html.erb (Duration: 1.2ms | Allocations: 970)
  [1m[36mTodo Load (0.1ms)[0m  [1m[34mSELECT "todos".* FROM "todos" WHERE "todos"."status" = ?[0m  [["status", 0]]
  ↳ app/views/todos/index.html.erb:27
  Rendered collection of templates [0 times] (Duration: 0.0ms | Allocations: 13)
  Rendered todos/index.html.erb within layouts/turbo_rails/frame (Duration: 3.4ms | Allocations: 1876)
  Rendered layout /Users/Aboubacar/.rbenv/versions/3.1.2/lib/ruby/gems/3.1.0/gems/turbo-rails-2.0.11/app/views/layouts/turbo_rails/frame.html.erb (Duration: 3.6ms | Allocations: 1967)
Completed 200 OK in 5ms (Views: 3.9ms | ActiveRecord: 0.1ms | Allocations: 2259)


Started GET "/todos?status=incomplete" for ::1 at 2024-10-26 19:54:13 -0400
Processing by TodosController#index as HTML
  Parameters: {"status"=>"incomplete"}
  Rendering layout /Users/Aboubacar/.rbenv/versions/3.1.2/lib/ruby/gems/3.1.0/gems/turbo-rails-2.0.11/app/views/layouts/turbo_rails/frame.html.erb
  Rendering todos/index.html.erb within layouts/turbo_rails/frame
  Rendered todos/_form.html.erb (Duration: 1.2ms | Allocations: 984)
  [1m[36mTodo Load (0.1ms)[0m  [1m[34mSELECT "todos".* FROM "todos" WHERE "todos"."status" = ?[0m  [["status", 0]]
  ↳ app/views/todos/index.html.erb:27
  Rendered collection of templates [0 times] (Duration: 0.0ms | Allocations: 13)
  Rendered todos/index.html.erb within layouts/turbo_rails/frame (Duration: 2.9ms | Allocations: 1890)
  Rendered layout /Users/Aboubacar/.rbenv/versions/3.1.2/lib/ruby/gems/3.1.0/gems/turbo-rails-2.0.11/app/views/layouts/turbo_rails/frame.html.erb (Duration: 3.1ms | Allocations: 1981)
Completed 200 OK in 4ms (Views: 3.6ms | ActiveRecord: 0.1ms | Allocations: 2274)


Started POST "/todos" for ::1 at 2024-10-26 19:54:17 -0400
Processing by TodosController#create as TURBO_STREAM
  Parameters: {"authenticity_token"=>"[FILTERED]", "todo"=>{"name"=>"nice 2"}, "commit"=>"Create Todo"}
  [1m[36mTRANSACTION (0.1ms)[0m  [1m[36mbegin transaction[0m
  ↳ app/controllers/todos_controller.rb:27:in `block in create'
  [1m[36mTodo Create (1.9ms)[0m  [1m[32mINSERT INTO "todos" ("name", "status", "created_at", "updated_at") VALUES (?, ?, ?, ?)[0m  [["name", "nice 2"], ["status", 0], ["created_at", "2024-10-26 23:54:17.594395"], ["updated_at", "2024-10-26 23:54:17.594395"]]
  ↳ app/controllers/todos_controller.rb:27:in `block in create'
  [1m[36mTRANSACTION (1.1ms)[0m  [1m[36mcommit transaction[0m
  ↳ app/controllers/todos_controller.rb:27:in `block in create'
  Rendering todos/create.turbo_stream.erb
  Rendered todos/_todo.html.erb (Duration: 2.6ms | Allocations: 1102)
  Rendered todos/_form.html.erb (Duration: 1.3ms | Allocations: 678)
  Rendered todos/create.turbo_stream.erb (Duration: 7.2ms | Allocations: 2579)
Completed 200 OK in 21ms (Views: 10.6ms | ActiveRecord: 3.0ms | Allocations: 7827)


Started POST "/todos" for ::1 at 2024-10-26 19:54:20 -0400
Processing by TodosController#create as TURBO_STREAM
  Parameters: {"authenticity_token"=>"[FILTERED]", "todo"=>{"name"=>"nice 3"}, "commit"=>"Create Todo"}
  [1m[36mTRANSACTION (0.1ms)[0m  [1m[36mbegin transaction[0m
  ↳ app/controllers/todos_controller.rb:27:in `block in create'
  [1m[36mTodo Create (0.5ms)[0m  [1m[32mINSERT INTO "todos" ("name", "status", "created_at", "updated_at") VALUES (?, ?, ?, ?)[0m  [["name", "nice 3"], ["status", 0], ["created_at", "2024-10-26 23:54:20.293761"], ["updated_at", "2024-10-26 23:54:20.293761"]]
  ↳ app/controllers/todos_controller.rb:27:in `block in create'
  [1m[36mTRANSACTION (0.9ms)[0m  [1m[36mcommit transaction[0m
  ↳ app/controllers/todos_controller.rb:27:in `block in create'
  Rendering todos/create.turbo_stream.erb
  Rendered todos/_todo.html.erb (Duration: 1.1ms | Allocations: 623)
  Rendered todos/_form.html.erb (Duration: 1.1ms | Allocations: 613)
  Rendered todos/create.turbo_stream.erb (Duration: 2.8ms | Allocations: 1547)
Completed 200 OK in 11ms (Views: 3.7ms | ActiveRecord: 1.5ms | Allocations: 4727)


Started POST "/todos" for ::1 at 2024-10-26 19:54:24 -0400
Processing by TodosController#create as TURBO_STREAM
  Parameters: {"authenticity_token"=>"[FILTERED]", "todo"=>{"name"=>"do it 1"}, "commit"=>"Create Todo"}
  [1m[36mTRANSACTION (0.1ms)[0m  [1m[36mbegin transaction[0m
  ↳ app/controllers/todos_controller.rb:27:in `block in create'
  [1m[36mTodo Create (0.4ms)[0m  [1m[32mINSERT INTO "todos" ("name", "status", "created_at", "updated_at") VALUES (?, ?, ?, ?)[0m  [["name", "do it 1"], ["status", 0], ["created_at", "2024-10-26 23:54:24.273935"], ["updated_at", "2024-10-26 23:54:24.273935"]]
  ↳ app/controllers/todos_controller.rb:27:in `block in create'
  [1m[36mTRANSACTION (0.9ms)[0m  [1m[36mcommit transaction[0m
  ↳ app/controllers/todos_controller.rb:27:in `block in create'
  Rendering todos/create.turbo_stream.erb
  Rendered todos/_todo.html.erb (Duration: 0.9ms | Allocations: 623)
  Rendered todos/_form.html.erb (Duration: 0.9ms | Allocations: 613)
  Rendered todos/create.turbo_stream.erb (Duration: 2.3ms | Allocations: 1547)
Completed 200 OK in 8ms (Views: 3.0ms | ActiveRecord: 1.4ms | Allocations: 4532)


Started DELETE "/todos/6" for ::1 at 2024-10-26 19:54:27 -0400
Processing by TodosController#destroy as TURBO_STREAM
  Parameters: {"authenticity_token"=>"[FILTERED]", "id"=>"6"}
  [1m[36mTodo Load (0.5ms)[0m  [1m[34mSELECT "todos".* FROM "todos" WHERE "todos"."id" = ? LIMIT ?[0m  [["id", 6], ["LIMIT", 1]]
  ↳ app/controllers/todos_controller.rb:73:in `set_todo'
  [1m[36mTRANSACTION (0.0ms)[0m  [1m[36mbegin transaction[0m
  ↳ app/controllers/todos_controller.rb:61:in `destroy'
  [1m[36mTodo Destroy (0.9ms)[0m  [1m[31mDELETE FROM "todos" WHERE "todos"."id" = ?[0m  [["id", 6]]
  ↳ app/controllers/todos_controller.rb:61:in `destroy'
  [1m[36mTRANSACTION (0.8ms)[0m  [1m[36mcommit transaction[0m
  ↳ app/controllers/todos_controller.rb:61:in `destroy'
Completed 200 OK in 8ms (Views: 0.1ms | ActiveRecord: 2.2ms | Allocations: 3828)


Started DELETE "/todos/5" for ::1 at 2024-10-26 19:54:27 -0400
Processing by TodosController#destroy as TURBO_STREAM
  Parameters: {"authenticity_token"=>"[FILTERED]", "id"=>"5"}
  [1m[36mTodo Load (0.2ms)[0m  [1m[34mSELECT "todos".* FROM "todos" WHERE "todos"."id" = ? LIMIT ?[0m  [["id", 5], ["LIMIT", 1]]
  ↳ app/controllers/todos_controller.rb:73:in `set_todo'
  [1m[36mTRANSACTION (0.1ms)[0m  [1m[36mbegin transaction[0m
  ↳ app/controllers/todos_controller.rb:61:in `destroy'
  [1m[36mTodo Destroy (0.3ms)[0m  [1m[31mDELETE FROM "todos" WHERE "todos"."id" = ?[0m  [["id", 5]]
  ↳ app/controllers/todos_controller.rb:61:in `destroy'
  [1m[36mTRANSACTION (0.7ms)[0m  [1m[36mcommit transaction[0m
  ↳ app/controllers/todos_controller.rb:61:in `destroy'
Completed 200 OK in 7ms (Views: 0.1ms | ActiveRecord: 1.3ms | Allocations: 2640)


Started PATCH "/todos/4/change_status?todo%5Bstatus%5D=complete" for ::1 at 2024-10-26 19:54:29 -0400
Processing by TodosController#change_status as TURBO_STREAM
  Parameters: {"authenticity_token"=>"[FILTERED]", "todo"=>{"status"=>"complete"}, "id"=>"4"}
  [1m[36mTodo Load (0.1ms)[0m  [1m[34mSELECT "todos".* FROM "todos" WHERE "todos"."id" = ? LIMIT ?[0m  [["id", 4], ["LIMIT", 1]]
  ↳ app/controllers/todos_controller.rb:73:in `set_todo'
  [1m[36mTRANSACTION (0.1ms)[0m  [1m[36mbegin transaction[0m
  ↳ app/controllers/todos_controller.rb:52:in `change_status'
  [1m[36mTodo Update (0.3ms)[0m  [1m[33mUPDATE "todos" SET "status" = ?, "updated_at" = ? WHERE "todos"."id" = ?[0m  [["status", 1], ["updated_at", "2024-10-26 23:54:29.138979"], ["id", 4]]
  ↳ app/controllers/todos_controller.rb:52:in `change_status'
  [1m[36mTRANSACTION (0.7ms)[0m  [1m[36mcommit transaction[0m
  ↳ app/controllers/todos_controller.rb:52:in `change_status'
Completed 200 OK in 7ms (Views: 0.1ms | ActiveRecord: 1.3ms | Allocations: 3143)


Started GET "/todos?status=complete" for ::1 at 2024-10-26 19:54:29 -0400
Processing by TodosController#index as HTML
  Parameters: {"status"=>"complete"}
  Rendering layout /Users/Aboubacar/.rbenv/versions/3.1.2/lib/ruby/gems/3.1.0/gems/turbo-rails-2.0.11/app/views/layouts/turbo_rails/frame.html.erb
  Rendering todos/index.html.erb within layouts/turbo_rails/frame
  [1m[36mTodo Load (0.3ms)[0m  [1m[34mSELECT "todos".* FROM "todos" WHERE "todos"."status" = ?[0m  [["status", 1]]
  ↳ app/views/todos/index.html.erb:27
  Rendered collection of todos/_todo.html.erb [3 times] (Duration: 2.8ms | Allocations: 2234)
  Rendered todos/index.html.erb within layouts/turbo_rails/frame (Duration: 5.7ms | Allocations: 3142)
  Rendered layout /Users/Aboubacar/.rbenv/versions/3.1.2/lib/ruby/gems/3.1.0/gems/turbo-rails-2.0.11/app/views/layouts/turbo_rails/frame.html.erb (Duration: 6.0ms | Allocations: 3235)
Completed 200 OK in 8ms (Views: 6.2ms | ActiveRecord: 0.3ms | Allocations: 3529)


Started GET "/todos?status=complete" for ::1 at 2024-10-26 19:54:30 -0400
Processing by TodosController#index as HTML
  Parameters: {"status"=>"complete"}
  Rendering layout /Users/Aboubacar/.rbenv/versions/3.1.2/lib/ruby/gems/3.1.0/gems/turbo-rails-2.0.11/app/views/layouts/turbo_rails/frame.html.erb
  Rendering todos/index.html.erb within layouts/turbo_rails/frame
  [1m[36mTodo Load (0.1ms)[0m  [1m[34mSELECT "todos".* FROM "todos" WHERE "todos"."status" = ?[0m  [["status", 1]]
  ↳ app/views/todos/index.html.erb:27
  Rendered collection of todos/_todo.html.erb [3 times] (Duration: 2.5ms | Allocations: 2231)
  Rendered todos/index.html.erb within layouts/turbo_rails/frame (Duration: 4.3ms | Allocations: 3128)
  Rendered layout /Users/Aboubacar/.rbenv/versions/3.1.2/lib/ruby/gems/3.1.0/gems/turbo-rails-2.0.11/app/views/layouts/turbo_rails/frame.html.erb (Duration: 4.5ms | Allocations: 3219)
Completed 200 OK in 6ms (Views: 4.8ms | ActiveRecord: 0.1ms | Allocations: 3511)


Started GET "/" for ::1 at 2024-10-26 22:22:01 -0400
  [1m[36mActiveRecord::SchemaMigration Pluck (0.4ms)[0m  [1m[34mSELECT "schema_migrations"."version" FROM "schema_migrations" ORDER BY "schema_migrations"."version" ASC[0m
Processing by Rails::WelcomeController#index as HTML
  Rendering /Users/Aboubacar/.rbenv/versions/3.1.2/lib/ruby/gems/3.1.0/gems/railties-7.0.8.6/lib/rails/templates/rails/welcome/index.html.erb
  Rendered /Users/Aboubacar/.rbenv/versions/3.1.2/lib/ruby/gems/3.1.0/gems/railties-7.0.8.6/lib/rails/templates/rails/welcome/index.html.erb (Duration: 2.2ms | Allocations: 528)
Completed 200 OK in 21ms (Views: 6.2ms | ActiveRecord: 0.0ms | Allocations: 4594)


Started GET "/todos" for ::1 at 2024-10-26 22:22:06 -0400
Processing by TodosController#index as HTML
  Rendering layout layouts/application.html.erb
  Rendering todos/index.html.erb within layouts/application
  Rendered todos/_form.html.erb (Duration: 30.3ms | Allocations: 2594)
  [1m[36mTodo Load (4.2ms)[0m  [1m[34mSELECT "todos".* FROM "todos" WHERE "todos"."status" = ?[0m  [["status", 0]]
  ↳ app/views/todos/index.html.erb:27
  Rendered collection of templates [0 times] (Duration: 0.1ms | Allocations: 31)
  Rendered todos/index.html.erb within layouts/application (Duration: 75.5ms | Allocations: 8704)
  Rendered layout layouts/application.html.erb (Duration: 83.6ms | Allocations: 11672)
Completed 200 OK in 114ms (Views: 81.8ms | ActiveRecord: 5.0ms | Allocations: 15440)


Started GET "/todos?status=incomplete" for ::1 at 2024-10-26 22:22:08 -0400
Processing by TodosController#index as HTML
  Parameters: {"status"=>"incomplete"}
  Rendering layout /Users/Aboubacar/.rbenv/versions/3.1.2/lib/ruby/gems/3.1.0/gems/turbo-rails-2.0.11/app/views/layouts/turbo_rails/frame.html.erb
  Rendering todos/index.html.erb within layouts/turbo_rails/frame
  Rendered todos/_form.html.erb (Duration: 1.2ms | Allocations: 981)
  [1m[36mTodo Load (0.1ms)[0m  [1m[34mSELECT "todos".* FROM "todos" WHERE "todos"."status" = ?[0m  [["status", 0]]
  ↳ app/views/todos/index.html.erb:27
  Rendered collection of templates [0 times] (Duration: 0.0ms | Allocations: 13)
  Rendered todos/index.html.erb within layouts/turbo_rails/frame (Duration: 10.4ms | Allocations: 1917)
  Rendered layout /Users/Aboubacar/.rbenv/versions/3.1.2/lib/ruby/gems/3.1.0/gems/turbo-rails-2.0.11/app/views/layouts/turbo_rails/frame.html.erb (Duration: 15.2ms | Allocations: 2144)
Completed 200 OK in 17ms (Views: 16.3ms | ActiveRecord: 0.1ms | Allocations: 2736)


Started POST "/todos" for ::1 at 2024-10-26 22:22:12 -0400
Processing by TodosController#create as TURBO_STREAM
  Parameters: {"authenticity_token"=>"[FILTERED]", "todo"=>{"name"=>"hkh"}, "commit"=>"Create Todo"}
  [1m[36mTRANSACTION (0.1ms)[0m  [1m[36mbegin transaction[0m
  ↳ app/controllers/todos_controller.rb:27:in `block in create'
  [1m[36mTodo Create (16.4ms)[0m  [1m[32mINSERT INTO "todos" ("name", "status", "created_at", "updated_at") VALUES (?, ?, ?, ?)[0m  [["name", "hkh"], ["status", 0], ["created_at", "2024-10-27 02:22:12.368385"], ["updated_at", "2024-10-27 02:22:12.368385"]]
  ↳ app/controllers/todos_controller.rb:27:in `block in create'
  [1m[36mTRANSACTION (1.2ms)[0m  [1m[36mcommit transaction[0m
  ↳ app/controllers/todos_controller.rb:27:in `block in create'
  Rendering todos/create.turbo_stream.erb
  Rendered todos/_todo.html.erb (Duration: 10.0ms | Allocations: 1168)
  Rendered todos/_form.html.erb (Duration: 1.1ms | Allocations: 679)
  Rendered todos/create.turbo_stream.erb (Duration: 43.4ms | Allocations: 2732)
Completed 200 OK in 111ms (Views: 50.3ms | ActiveRecord: 17.6ms | Allocations: 8048)


Started POST "/todos" for ::1 at 2024-10-26 22:22:15 -0400
Processing by TodosController#create as TURBO_STREAM
  Parameters: {"authenticity_token"=>"[FILTERED]", "todo"=>{"name"=>"khk"}, "commit"=>"Create Todo"}
  [1m[36mTRANSACTION (0.1ms)[0m  [1m[36mbegin transaction[0m
  ↳ app/controllers/todos_controller.rb:27:in `block in create'
  [1m[36mTodo Create (0.4ms)[0m  [1m[32mINSERT INTO "todos" ("name", "status", "created_at", "updated_at") VALUES (?, ?, ?, ?)[0m  [["name", "khk"], ["status", 0], ["created_at", "2024-10-27 02:22:15.926439"], ["updated_at", "2024-10-27 02:22:15.926439"]]
  ↳ app/controllers/todos_controller.rb:27:in `block in create'
  [1m[36mTRANSACTION (1.0ms)[0m  [1m[36mcommit transaction[0m
  ↳ app/controllers/todos_controller.rb:27:in `block in create'
  Rendering todos/create.turbo_stream.erb
  Rendered todos/_todo.html.erb (Duration: 0.9ms | Allocations: 623)
  Rendered todos/_form.html.erb (Duration: 0.8ms | Allocations: 614)
  Rendered todos/create.turbo_stream.erb (Duration: 2.4ms | Allocations: 1548)
Completed 200 OK in 10ms (Views: 3.3ms | ActiveRecord: 1.5ms | Allocations: 4735)


Started PATCH "/todos/8/change_status?todo%5Bstatus%5D=complete" for ::1 at 2024-10-26 22:22:18 -0400
Processing by TodosController#change_status as TURBO_STREAM
  Parameters: {"authenticity_token"=>"[FILTERED]", "todo"=>{"status"=>"complete"}, "id"=>"8"}
  [1m[36mTodo Load (0.2ms)[0m  [1m[34mSELECT "todos".* FROM "todos" WHERE "todos"."id" = ? LIMIT ?[0m  [["id", 8], ["LIMIT", 1]]
  ↳ app/controllers/todos_controller.rb:73:in `set_todo'
  [1m[36mTRANSACTION (0.0ms)[0m  [1m[36mbegin transaction[0m
  ↳ app/controllers/todos_controller.rb:52:in `change_status'
  [1m[36mTodo Update (0.4ms)[0m  [1m[33mUPDATE "todos" SET "status" = ?, "updated_at" = ? WHERE "todos"."id" = ?[0m  [["status", 1], ["updated_at", "2024-10-27 02:22:18.420317"], ["id", 8]]
  ↳ app/controllers/todos_controller.rb:52:in `change_status'
  [1m[36mTRANSACTION (1.1ms)[0m  [1m[36mcommit transaction[0m
  ↳ app/controllers/todos_controller.rb:52:in `change_status'
Completed 200 OK in 8ms (Views: 0.1ms | ActiveRecord: 1.7ms | Allocations: 4331)


Started DELETE "/todos/7" for ::1 at 2024-10-26 22:22:19 -0400
Processing by TodosController#destroy as TURBO_STREAM
  Parameters: {"authenticity_token"=>"[FILTERED]", "id"=>"7"}
  [1m[36mTodo Load (0.1ms)[0m  [1m[34mSELECT "todos".* FROM "todos" WHERE "todos"."id" = ? LIMIT ?[0m  [["id", 7], ["LIMIT", 1]]
  ↳ app/controllers/todos_controller.rb:73:in `set_todo'
  [1m[36mTRANSACTION (0.0ms)[0m  [1m[36mbegin transaction[0m
  ↳ app/controllers/todos_controller.rb:61:in `destroy'
  [1m[36mTodo Destroy (0.4ms)[0m  [1m[31mDELETE FROM "todos" WHERE "todos"."id" = ?[0m  [["id", 7]]
  ↳ app/controllers/todos_controller.rb:61:in `destroy'
  [1m[36mTRANSACTION (0.8ms)[0m  [1m[36mcommit transaction[0m
  ↳ app/controllers/todos_controller.rb:61:in `destroy'
Completed 200 OK in 7ms (Views: 0.1ms | ActiveRecord: 1.3ms | Allocations: 2700)


Started GET "/todos?status=complete" for ::1 at 2024-10-26 22:22:20 -0400
Processing by TodosController#index as HTML
  Parameters: {"status"=>"complete"}
  Rendering layout /Users/Aboubacar/.rbenv/versions/3.1.2/lib/ruby/gems/3.1.0/gems/turbo-rails-2.0.11/app/views/layouts/turbo_rails/frame.html.erb
  Rendering todos/index.html.erb within layouts/turbo_rails/frame
  [1m[36mTodo Load (0.1ms)[0m  [1m[34mSELECT "todos".* FROM "todos" WHERE "todos"."status" = ?[0m  [["status", 1]]
  ↳ app/views/todos/index.html.erb:27
  Rendered collection of todos/_todo.html.erb [4 times] (Duration: 4.6ms | Allocations: 3214)
  Rendered todos/index.html.erb within layouts/turbo_rails/frame (Duration: 7.0ms | Allocations: 4201)
  Rendered layout /Users/Aboubacar/.rbenv/versions/3.1.2/lib/ruby/gems/3.1.0/gems/turbo-rails-2.0.11/app/views/layouts/turbo_rails/frame.html.erb (Duration: 7.2ms | Allocations: 4294)
Completed 200 OK in 9ms (Views: 7.5ms | ActiveRecord: 0.1ms | Allocations: 4588)


Started GET "/todos?status=complete" for ::1 at 2024-10-26 22:22:21 -0400
Processing by TodosController#index as HTML
  Parameters: {"status"=>"complete"}
  Rendering layout /Users/Aboubacar/.rbenv/versions/3.1.2/lib/ruby/gems/3.1.0/gems/turbo-rails-2.0.11/app/views/layouts/turbo_rails/frame.html.erb
  Rendering todos/index.html.erb within layouts/turbo_rails/frame
  [1m[36mTodo Load (0.1ms)[0m  [1m[34mSELECT "todos".* FROM "todos" WHERE "todos"."status" = ?[0m  [["status", 1]]
  ↳ app/views/todos/index.html.erb:27
  Rendered collection of todos/_todo.html.erb [4 times] (Duration: 3.7ms | Allocations: 2815)
  Rendered todos/index.html.erb within layouts/turbo_rails/frame (Duration: 5.7ms | Allocations: 3724)
  Rendered layout /Users/Aboubacar/.rbenv/versions/3.1.2/lib/ruby/gems/3.1.0/gems/turbo-rails-2.0.11/app/views/layouts/turbo_rails/frame.html.erb (Duration: 5.9ms | Allocations: 3815)
Completed 200 OK in 7ms (Views: 6.3ms | ActiveRecord: 0.1ms | Allocations: 4108)


Started DELETE "/todos/2" for ::1 at 2024-10-26 22:22:26 -0400
Processing by TodosController#destroy as TURBO_STREAM
  Parameters: {"authenticity_token"=>"[FILTERED]", "id"=>"2"}
  [1m[36mTodo Load (0.1ms)[0m  [1m[34mSELECT "todos".* FROM "todos" WHERE "todos"."id" = ? LIMIT ?[0m  [["id", 2], ["LIMIT", 1]]
  ↳ app/controllers/todos_controller.rb:73:in `set_todo'
  [1m[36mTRANSACTION (0.1ms)[0m  [1m[36mbegin transaction[0m
  ↳ app/controllers/todos_controller.rb:61:in `destroy'
  [1m[36mTodo Destroy (0.3ms)[0m  [1m[31mDELETE FROM "todos" WHERE "todos"."id" = ?[0m  [["id", 2]]
  ↳ app/controllers/todos_controller.rb:61:in `destroy'
  [1m[36mTRANSACTION (0.9ms)[0m  [1m[36mcommit transaction[0m
  ↳ app/controllers/todos_controller.rb:61:in `destroy'
Completed 200 OK in 6ms (Views: 0.1ms | ActiveRecord: 1.4ms | Allocations: 2601)


Started DELETE "/todos/3" for ::1 at 2024-10-26 22:22:27 -0400
Processing by TodosController#destroy as TURBO_STREAM
  Parameters: {"authenticity_token"=>"[FILTERED]", "id"=>"3"}
  [1m[36mTodo Load (0.1ms)[0m  [1m[34mSELECT "todos".* FROM "todos" WHERE "todos"."id" = ? LIMIT ?[0m  [["id", 3], ["LIMIT", 1]]
  ↳ app/controllers/todos_controller.rb:73:in `set_todo'
  [1m[36mTRANSACTION (0.0ms)[0m  [1m[36mbegin transaction[0m
  ↳ app/controllers/todos_controller.rb:61:in `destroy'
  [1m[36mTodo Destroy (0.3ms)[0m  [1m[31mDELETE FROM "todos" WHERE "todos"."id" = ?[0m  [["id", 3]]
  ↳ app/controllers/todos_controller.rb:61:in `destroy'
  [1m[36mTRANSACTION (0.8ms)[0m  [1m[36mcommit transaction[0m
  ↳ app/controllers/todos_controller.rb:61:in `destroy'
Completed 200 OK in 6ms (Views: 0.1ms | ActiveRecord: 1.3ms | Allocations: 2601)


Started DELETE "/todos/4" for ::1 at 2024-10-26 22:22:29 -0400
Processing by TodosController#destroy as TURBO_STREAM
  Parameters: {"authenticity_token"=>"[FILTERED]", "id"=>"4"}
  [1m[36mTodo Load (0.1ms)[0m  [1m[34mSELECT "todos".* FROM "todos" WHERE "todos"."id" = ? LIMIT ?[0m  [["id", 4], ["LIMIT", 1]]
  ↳ app/controllers/todos_controller.rb:73:in `set_todo'
  [1m[36mTRANSACTION (0.1ms)[0m  [1m[36mbegin transaction[0m
  ↳ app/controllers/todos_controller.rb:61:in `destroy'
  [1m[36mTodo Destroy (0.3ms)[0m  [1m[31mDELETE FROM "todos" WHERE "todos"."id" = ?[0m  [["id", 4]]
  ↳ app/controllers/todos_controller.rb:61:in `destroy'
  [1m[36mTRANSACTION (0.7ms)[0m  [1m[36mcommit transaction[0m
  ↳ app/controllers/todos_controller.rb:61:in `destroy'
Completed 200 OK in 6ms (Views: 0.1ms | ActiveRecord: 1.2ms | Allocations: 2601)


